<?xml version="1.0" encoding="UTF-8"?>
<testng-results ignored="0" total="1" passed="1" failed="0" skipped="0">
  <reporter-output>
  </reporter-output>
  <suite started-at="2025-01-13T21:03:49 IST" name="Default suite" finished-at="2025-01-13T21:04:04 IST" duration-ms="14962">
    <groups>
    </groups>
    <test started-at="2025-01-13T21:03:49 IST" name="Default test" finished-at="2025-01-13T21:04:04 IST" duration-ms="14962">
      <class name="DataDrivenTesting_hybrid.DataDrivenTesting01">
        <test-method is-config="true" signature="beforeClass()[pri:0, instance:DataDrivenTesting_hybrid.DataDrivenTesting01@6743e411]" started-at="2025-01-13T21:03:50 IST" name="beforeClass" finished-at="2025-01-13T21:03:58 IST" duration-ms="8736" status="PASS">
          <reporter-output>
          </reporter-output>
        </test-method> <!-- beforeClass -->
        <test-method signature="test()[pri:0, instance:DataDrivenTesting_hybrid.DataDrivenTesting01@6743e411]" started-at="2025-01-13T21:03:58 IST" name="test" finished-at="2025-01-13T21:04:03 IST" duration-ms="5149" status="PASS">
          <reporter-output>
          </reporter-output>
        </test-method> <!-- test -->
        <test-method is-config="true" signature="afterClass()[pri:0, instance:DataDrivenTesting_hybrid.DataDrivenTesting01@6743e411]" started-at="2025-01-13T21:04:04 IST" name="afterClass" finished-at="2025-01-13T21:04:04 IST" duration-ms="943" status="PASS">
          <reporter-output>
          </reporter-output>
        </test-method> <!-- afterClass -->
      </class> <!-- DataDrivenTesting_hybrid.DataDrivenTesting01 -->
    </test> <!-- Default test -->
  </suite> <!-- Default suite -->
</testng-results>
